mode: set
jpnovelmtlgo/internal/controller/healthcheck_controller.go:9.55,11.2 1 1
jpnovelmtlgo/internal/controller/healthcheck_controller.go:13.64,15.2 1 1
jpnovelmtlgo/internal/controller/healthcheck_controller.go:17.76,19.2 1 1
jpnovelmtlgo/internal/controller/kakuyomu_controller.go:17.22,21.2 1 1
jpnovelmtlgo/internal/controller/kakuyomu_controller.go:23.61,26.2 2 1
jpnovelmtlgo/internal/controller/kakuyomu_controller.go:28.81,31.16 3 1
jpnovelmtlgo/internal/controller/kakuyomu_controller.go:31.16,33.3 1 0
jpnovelmtlgo/internal/controller/kakuyomu_controller.go:35.2,36.16 2 1
jpnovelmtlgo/internal/controller/kakuyomu_controller.go:36.16,39.5 1 0
jpnovelmtlgo/internal/controller/kakuyomu_controller.go:42.2,42.39 1 1
jpnovelmtlgo/internal/controller/kakuyomu_controller.go:45.81,48.16 3 1
jpnovelmtlgo/internal/controller/kakuyomu_controller.go:48.16,50.3 1 0
jpnovelmtlgo/internal/controller/kakuyomu_controller.go:52.2,53.16 2 1
jpnovelmtlgo/internal/controller/kakuyomu_controller.go:53.16,55.3 1 1
jpnovelmtlgo/internal/controller/kakuyomu_controller.go:57.2,57.39 1 1
jpnovelmtlgo/internal/controller/syosetu_controller.go:17.21,21.2 1 1
jpnovelmtlgo/internal/controller/syosetu_controller.go:23.60,28.2 4 1
jpnovelmtlgo/internal/controller/syosetu_controller.go:30.77,33.16 3 1
jpnovelmtlgo/internal/controller/syosetu_controller.go:33.16,35.3 1 0
jpnovelmtlgo/internal/controller/syosetu_controller.go:37.2,38.16 2 1
jpnovelmtlgo/internal/controller/syosetu_controller.go:38.16,41.5 1 0
jpnovelmtlgo/internal/controller/syosetu_controller.go:44.2,44.39 1 1
jpnovelmtlgo/internal/controller/syosetu_controller.go:47.76,50.16 3 1
jpnovelmtlgo/internal/controller/syosetu_controller.go:50.16,52.3 1 0
jpnovelmtlgo/internal/controller/syosetu_controller.go:54.2,55.16 2 1
jpnovelmtlgo/internal/controller/syosetu_controller.go:55.16,58.5 1 0
jpnovelmtlgo/internal/controller/syosetu_controller.go:61.2,61.39 1 1
jpnovelmtlgo/internal/controller/syosetu_controller.go:64.67,67.16 3 1
jpnovelmtlgo/internal/controller/syosetu_controller.go:67.16,69.3 1 0
jpnovelmtlgo/internal/controller/syosetu_controller.go:71.2,72.16 2 1
jpnovelmtlgo/internal/controller/syosetu_controller.go:72.16,75.5 1 0
jpnovelmtlgo/internal/controller/syosetu_controller.go:78.2,78.39 1 1
jpnovelmtlgo/internal/controller/syosetu_controller.go:81.67,84.16 3 1
jpnovelmtlgo/internal/controller/syosetu_controller.go:84.16,86.3 1 0
jpnovelmtlgo/internal/controller/syosetu_controller.go:88.2,89.16 2 1
jpnovelmtlgo/internal/controller/syosetu_controller.go:89.16,92.5 1 0
jpnovelmtlgo/internal/controller/syosetu_controller.go:95.2,95.39 1 1
