mode: set
jpnovelmtlgo/internal/controller/healthcheck_controller.go:9.55,11.2 1 1
jpnovelmtlgo/internal/controller/healthcheck_controller.go:13.64,15.2 1 1
jpnovelmtlgo/internal/controller/healthcheck_controller.go:17.76,19.2 1 1
jpnovelmtlgo/internal/controller/kakuyomu_controller.go:17.22,21.2 1 1
jpnovelmtlgo/internal/controller/kakuyomu_controller.go:23.61,26.2 2 1
jpnovelmtlgo/internal/controller/kakuyomu_controller.go:28.81,31.16 3 1
jpnovelmtlgo/internal/controller/kakuyomu_controller.go:31.16,33.3 1 1
jpnovelmtlgo/internal/controller/kakuyomu_controller.go:35.2,36.16 2 1
jpnovelmtlgo/internal/controller/kakuyomu_controller.go:36.16,38.3 1 1
jpnovelmtlgo/internal/controller/kakuyomu_controller.go:40.2,40.39 1 1
jpnovelmtlgo/internal/controller/kakuyomu_controller.go:43.81,46.16 3 1
jpnovelmtlgo/internal/controller/kakuyomu_controller.go:46.16,48.3 1 1
jpnovelmtlgo/internal/controller/kakuyomu_controller.go:50.2,51.16 2 1
jpnovelmtlgo/internal/controller/kakuyomu_controller.go:51.16,53.3 1 1
jpnovelmtlgo/internal/controller/kakuyomu_controller.go:55.2,55.39 1 1
jpnovelmtlgo/internal/controller/syosetu_controller.go:17.21,21.2 1 1
jpnovelmtlgo/internal/controller/syosetu_controller.go:23.60,28.2 4 1
jpnovelmtlgo/internal/controller/syosetu_controller.go:30.77,33.16 3 1
jpnovelmtlgo/internal/controller/syosetu_controller.go:33.16,35.3 1 1
jpnovelmtlgo/internal/controller/syosetu_controller.go:37.2,38.16 2 1
jpnovelmtlgo/internal/controller/syosetu_controller.go:38.16,40.3 1 1
jpnovelmtlgo/internal/controller/syosetu_controller.go:42.2,42.39 1 1
jpnovelmtlgo/internal/controller/syosetu_controller.go:45.76,48.16 3 1
jpnovelmtlgo/internal/controller/syosetu_controller.go:48.16,50.3 1 1
jpnovelmtlgo/internal/controller/syosetu_controller.go:52.2,53.16 2 1
jpnovelmtlgo/internal/controller/syosetu_controller.go:53.16,55.3 1 1
jpnovelmtlgo/internal/controller/syosetu_controller.go:57.2,57.39 1 1
jpnovelmtlgo/internal/controller/syosetu_controller.go:60.67,63.16 3 1
jpnovelmtlgo/internal/controller/syosetu_controller.go:63.16,65.3 1 1
jpnovelmtlgo/internal/controller/syosetu_controller.go:67.2,68.16 2 1
jpnovelmtlgo/internal/controller/syosetu_controller.go:68.16,70.3 1 1
jpnovelmtlgo/internal/controller/syosetu_controller.go:72.2,72.39 1 1
jpnovelmtlgo/internal/controller/syosetu_controller.go:75.67,78.16 3 1
jpnovelmtlgo/internal/controller/syosetu_controller.go:78.16,80.3 1 1
jpnovelmtlgo/internal/controller/syosetu_controller.go:82.2,83.16 2 1
jpnovelmtlgo/internal/controller/syosetu_controller.go:83.16,85.3 1 1
jpnovelmtlgo/internal/controller/syosetu_controller.go:87.2,87.39 1 1
